[debug] [2026-04-28T10:52:04.622Z] [Firebase Plugin] Activating Firebase extension.
[info] [Firebase Plugin] Checked firebase-tools, is up to date!
[debug] [2026-04-28T10:53:03.955Z] [Firebase Plugin] requireAuthWrapper
[debug] [2026-04-28T10:53:03.960Z] > command requires scopes: ["email","openid","https://www.googleapis.com/auth/cloudplatformprojects.readonly","https://www.googleapis.com/auth/firebase","https://www.googleapis.com/auth/cloud-platform"]
[debug] [2026-04-28T10:53:03.961Z] > authorizing via signed-in user (shubham.jatania@gmail.com)
[debug] [2026-04-28T10:53:03.968Z] Checked if tokens are valid: false, expires at: 1777360504200
[debug] [2026-04-28T10:53:03.969Z] Checked if tokens are valid: false, expires at: 1777360504200
[debug] [2026-04-28T10:53:03.970Z] > refreshing access token with scopes: []
[debug] [2026-04-28T10:53:03.973Z] >>> [apiv2][query] POST https://www.googleapis.com/oauth2/v3/token [none]
[debug] [2026-04-28T10:53:03.974Z] >>> [apiv2][body] POST https://www.googleapis.com/oauth2/v3/token [omitted]
[debug] [2026-04-28T10:53:04.002Z] [Firebase Plugin] VSCode notification server listening on port 40001
<<<<<<< HEAD
[info] [Firebase Plugin] Starting SQL Connect toolkit (version 3.4.5) on port 50001
[debug] [2026-04-28T10:53:31.096Z] 'fdc build' failed with error: Unable to build your SQL Connect schema and connectors (exit code 1): E0428 16:23:31.089179   20000 cmd.go:43] Error loading data connect config: could not find dataconnect.yaml in `c:\Users\Shubham\Desktop\My Works\ChainMind\dataconnect`
 {"metadata":{"emulator":{"name":"dataconnect"},"message":"'fdc build' failed with error: Unable to build your SQL Connect schema and connectors (exit code 1): E0428 16:23:31.089179   20000 cmd.go:43] Error loading data connect config: could not find dataconnect.yaml in `c:\\Users\\Shubham\\Desktop\\My Works\\ChainMind\\dataconnect`\n"}}
[debug] [2026-04-28T10:53:31.097Z] Ignoring unsupported arg: auto_download {"metadata":{"emulator":{"name":"dataconnect"},"message":"Ignoring unsupported arg: auto_download"}}
[debug] [2026-04-28T10:53:31.098Z] Ignoring unsupported arg: port {"metadata":{"emulator":{"name":"dataconnect"},"message":"Ignoring unsupported arg: port"}}
[debug] [2026-04-28T10:53:31.098Z] Starting SQL Connect Emulator with command {"binary":"C:\\Users\\Shubham\\.cache\\firebase\\emulators\\dataconnect-emulator-3.4.5.exe","args":["--logtostderr","-v=2","dev","--listen=localhost:50001","--config_dir=c:\\Users\\Shubham\\Desktop\\My Works\\ChainMind\\dataconnect","--enable_output_schema_extensions=true","--enable_output_generated_sdk=true"],"optionalArgs":["listen","config_dir","enable_output_schema_extensions","enable_output_generated_sdk"],"joinArgs":true,"shell":false,"port":9399} {"metadata":{"emulator":{"name":"dataconnect"},"message":"Starting SQL Connect Emulator with command {\"binary\":\"C:\\\\Users\\\\Shubham\\\\.cache\\\\firebase\\\\emulators\\\\dataconnect-emulator-3.4.5.exe\",\"args\":[\"--logtostderr\",\"-v=2\",\"dev\",\"--listen=localhost:50001\",\"--config_dir=c:\\\\Users\\\\Shubham\\\\Desktop\\\\My Works\\\\ChainMind\\\\dataconnect\",\"--enable_output_schema_extensions=true\",\"--enable_output_generated_sdk=true\"],\"optionalArgs\":[\"listen\",\"config_dir\",\"enable_output_schema_extensions\",\"enable_output_generated_sdk\"],\"joinArgs\":true,\"shell\":false,\"port\":9399}"}}
[info] i  dataconnect: SQL Connect Emulator logging to dataconnect-debug.log {"metadata":{"emulator":{"name":"dataconnect"},"message":"SQL Connect Emulator logging to \u001b[1mdataconnect-debug.log\u001b[22m"}}
[debug] [2026-04-28T10:53:31.384Z] E0428 16:23:31.203884    5612 dev.go:83] Failed to load initial config from "c:\\Users\\Shubham\\Desktop\\My Works\\ChainMind\\dataconnect": could not find dataconnect.yaml in `c:\Users\Shubham\Desktop\My Works\ChainMind\dataconnect`
E0428 16:23:31.205658    5612 watch.go:116] watchAllDir unable to walk dir `c:\Users\Shubham\Desktop\My Works\ChainMind\dataconnect`: GetFileAttributesEx c:\Users\Shubham\Desktop\My Works\ChainMind\dataconnect: The system cannot find the file specified.
I0428 16:23:31.236497    5612 dev.go:104] Listening on address (HTTP + gRPC): 127.0.0.1:50001
 {"metadata":{"emulator":{"name":"dataconnect"},"message":"E0428 16:23:31.203884    5612 dev.go:83] Failed to load initial config from \"c:\\\\Users\\\\Shubham\\\\Desktop\\\\My Works\\\\ChainMind\\\\dataconnect\": could not find dataconnect.yaml in `c:\\Users\\Shubham\\Desktop\\My Works\\ChainMind\\dataconnect`\nE0428 16:23:31.205658    5612 watch.go:116] watchAllDir unable to walk dir `c:\\Users\\Shubham\\Desktop\\My Works\\ChainMind\\dataconnect`: GetFileAttributesEx c:\\Users\\Shubham\\Desktop\\My Works\\ChainMind\\dataconnect: The system cannot find the file specified.\nI0428 16:23:31.236497    5612 dev.go:104] Listening on address (HTTP + gRPC): 127.0.0.1:50001\n"}}
[debug] [2026-04-28T10:53:31.892Z] <<< [apiv2][status] POST https://www.googleapis.com/oauth2/v3/token 200
[debug] [2026-04-28T10:53:31.893Z] <<< [apiv2][body] POST https://www.googleapis.com/oauth2/v3/token [omitted]
[debug] [2026-04-28T10:53:31.958Z] [Firebase Plugin] User found:  shubham.jatania@gmail.com
[info] [Firebase Plugin] (Core:Project) New user detected, fetching projects
[debug] [2026-04-28T10:53:31.997Z] Checked if tokens are valid: true, expires at: 1777377210893
[debug] [2026-04-28T10:53:31.998Z] >>> [apiv2][query] GET https://firebase.googleapis.com/v1beta1/projects pageSize=1000
[debug] [2026-04-28T10:53:33.432Z] <<< [apiv2][status] GET https://firebase.googleapis.com/v1beta1/projects 200
[debug] [2026-04-28T10:53:33.432Z] <<< [apiv2][body] GET https://firebase.googleapis.com/v1beta1/projects [omitted]
[error] [Firebase Plugin] error:  {}
[debug] [2026-04-28T10:53:41.210Z] E0428 16:23:41.208082    5612 watch.go:40] Failed to load config from "c:\\Users\\Shubham\\Desktop\\My Works\\ChainMind\\dataconnect": could not find dataconnect.yaml in `c:\Users\Shubham\Desktop\My Works\ChainMind\dataconnect`
 {"metadata":{"emulator":{"name":"dataconnect"},"message":"E0428 16:23:41.208082    5612 watch.go:40] Failed to load config from \"c:\\\\Users\\\\Shubham\\\\Desktop\\\\My Works\\\\ChainMind\\\\dataconnect\": could not find dataconnect.yaml in `c:\\Users\\Shubham\\Desktop\\My Works\\ChainMind\\dataconnect`\n"}}
[debug] [2026-04-28T10:54:11.195Z] E0428 16:23:51.208591    5612 watch.go:40] Failed to load config from "c:\\Users\\Shubham\\Desktop\\My Works\\ChainMind\\dataconnect": could not find dataconnect.yaml in `c:\Users\Shubham\Desktop\My Works\ChainMind\dataconnect`
E0428 16:24:01.208644    5612 watch.go:40] Failed to load config from "c:\\Users\\Shubham\\Desktop\\My Works\\ChainMind\\dataconnect": could not find dataconnect.yaml in `c:\Users\Shubham\Desktop\My Works\ChainMind\dataconnect`
 {"metadata":{"emulator":{"name":"dataconnect"},"message":"E0428 16:23:51.208591    5612 watch.go:40] Failed to load config from \"c:\\\\Users\\\\Shubham\\\\Desktop\\\\My Works\\\\ChainMind\\\\dataconnect\": could not find dataconnect.yaml in `c:\\Users\\Shubham\\Desktop\\My Works\\ChainMind\\dataconnect`\nE0428 16:24:01.208644    5612 watch.go:40] Failed to load config from \"c:\\\\Users\\\\Shubham\\\\Desktop\\\\My Works\\\\ChainMind\\\\dataconnect\": could not find dataconnect.yaml in `c:\\Users\\Shubham\\Desktop\\My Works\\ChainMind\\dataconnect`\n"}}
[debug] [2026-04-28T10:54:11.539Z] E0428 16:24:11.208012    5612 watch.go:40] Failed to load config from "c:\\Users\\Shubham\\Desktop\\My Works\\ChainMind\\dataconnect": could not find dataconnect.yaml in `c:\Users\Shubham\Desktop\My Works\ChainMind\dataconnect`
 {"metadata":{"emulator":{"name":"dataconnect"},"message":"E0428 16:24:11.208012    5612 watch.go:40] Failed to load config from \"c:\\\\Users\\\\Shubham\\\\Desktop\\\\My Works\\\\ChainMind\\\\dataconnect\": could not find dataconnect.yaml in `c:\\Users\\Shubham\\Desktop\\My Works\\ChainMind\\dataconnect`\n"}}
[debug] [2026-04-28T10:54:39.375Z] E0428 16:24:21.208560    5612 watch.go:40] Failed to load config from "c:\\Users\\Shubham\\Desktop\\My Works\\ChainMind\\dataconnect": could not find dataconnect.yaml in `c:\Users\Shubham\Desktop\My Works\ChainMind\dataconnect`
E0428 16:24:31.208330    5612 watch.go:116] watchAllDir unable to walk dir `c:\Users\Shubham\Desktop\My Works\ChainMind\dataconnect`: GetFileAttributesEx c:\Users\Shubham\Desktop\My Works\ChainMind\dataconnect: The system cannot find the file specified.
E0428 16:24:31.208743    5612 watch.go:40] Failed to load config from "c:\\Users\\Shubham\\Desktop\\My Works\\ChainMind\\dataconnect": could not find dataconnect.yaml in `c:\Users\Shubham\Desktop\My Works\ChainMind\dataconnect`
 {"metadata":{"emulator":{"name":"dataconnect"},"message":"E0428 16:24:21.208560    5612 watch.go:40] Failed to load config from \"c:\\\\Users\\\\Shubham\\\\Desktop\\\\My Works\\\\ChainMind\\\\dataconnect\": could not find dataconnect.yaml in `c:\\Users\\Shubham\\Desktop\\My Works\\ChainMind\\dataconnect`\nE0428 16:24:31.208330    5612 watch.go:116] watchAllDir unable to walk dir `c:\\Users\\Shubham\\Desktop\\My Works\\ChainMind\\dataconnect`: GetFileAttributesEx c:\\Users\\Shubham\\Desktop\\My Works\\ChainMind\\dataconnect: The system cannot find the file specified.\nE0428 16:24:31.208743    5612 watch.go:40] Failed to load config from \"c:\\\\Users\\\\Shubham\\\\Desktop\\\\My Works\\\\ChainMind\\\\dataconnect\": could not find dataconnect.yaml in `c:\\Users\\Shubham\\Desktop\\My Works\\ChainMind\\dataconnect`\n"}}
[debug] [2026-04-28T10:54:53.470Z] E0428 16:24:41.209127    5612 watch.go:40] Failed to load config from "c:\\Users\\Shubham\\Desktop\\My Works\\ChainMind\\dataconnect": could not find dataconnect.yaml in `c:\Users\Shubham\Desktop\My Works\ChainMind\dataconnect`
E0428 16:24:51.210643    5612 watch.go:40] Failed to load config from "c:\\Users\\Shubham\\Desktop\\My Works\\ChainMind\\dataconnect": could not find dataconnect.yaml in `c:\Users\Shubham\Desktop\My Works\ChainMind\dataconnect`
 {"metadata":{"emulator":{"name":"dataconnect"},"message":"E0428 16:24:41.209127    5612 watch.go:40] Failed to load config from \"c:\\\\Users\\\\Shubham\\\\Desktop\\\\My Works\\\\ChainMind\\\\dataconnect\": could not find dataconnect.yaml in `c:\\Users\\Shubham\\Desktop\\My Works\\ChainMind\\dataconnect`\nE0428 16:24:51.210643    5612 watch.go:40] Failed to load config from \"c:\\\\Users\\\\Shubham\\\\Desktop\\\\My Works\\\\ChainMind\\\\dataconnect\": could not find dataconnect.yaml in `c:\\Users\\Shubham\\Desktop\\My Works\\ChainMind\\dataconnect`\n"}}
[debug] [2026-04-28T10:55:01.223Z] E0428 16:25:01.221359    5612 watch.go:40] Failed to load config from "c:\\Users\\Shubham\\Desktop\\My Works\\ChainMind\\dataconnect": could not find dataconnect.yaml in `c:\Users\Shubham\Desktop\My Works\ChainMind\dataconnect`
 {"metadata":{"emulator":{"name":"dataconnect"},"message":"E0428 16:25:01.221359    5612 watch.go:40] Failed to load config from \"c:\\\\Users\\\\Shubham\\\\Desktop\\\\My Works\\\\ChainMind\\\\dataconnect\": could not find dataconnect.yaml in `c:\\Users\\Shubham\\Desktop\\My Works\\ChainMind\\dataconnect`\n"}}
[debug] [2026-04-28T10:55:11.220Z] E0428 16:25:11.210397    5612 watch.go:40] Failed to load config from "c:\\Users\\Shubham\\Desktop\\My Works\\ChainMind\\dataconnect": could not find dataconnect.yaml in `c:\Users\Shubham\Desktop\My Works\ChainMind\dataconnect`
 {"metadata":{"emulator":{"name":"dataconnect"},"message":"E0428 16:25:11.210397    5612 watch.go:40] Failed to load config from \"c:\\\\Users\\\\Shubham\\\\Desktop\\\\My Works\\\\ChainMind\\\\dataconnect\": could not find dataconnect.yaml in `c:\\Users\\Shubham\\Desktop\\My Works\\ChainMind\\dataconnect`\n"}}
[debug] [2026-04-28T10:55:21.213Z] E0428 16:25:21.213419    5612 watch.go:40] Failed to load config from "c:\\Users\\Shubham\\Desktop\\My Works\\ChainMind\\dataconnect": could not find dataconnect.yaml in `c:\Users\Shubham\Desktop\My Works\ChainMind\dataconnect`
 {"metadata":{"emulator":{"name":"dataconnect"},"message":"E0428 16:25:21.213419    5612 watch.go:40] Failed to load config from \"c:\\\\Users\\\\Shubham\\\\Desktop\\\\My Works\\\\ChainMind\\\\dataconnect\": could not find dataconnect.yaml in `c:\\Users\\Shubham\\Desktop\\My Works\\ChainMind\\dataconnect`\n"}}
[debug] [2026-04-28T10:55:31.214Z] E0428 16:25:31.211179    5612 watch.go:116] watchAllDir unable to walk dir `c:\Users\Shubham\Desktop\My Works\ChainMind\dataconnect`: GetFileAttributesEx c:\Users\Shubham\Desktop\My Works\ChainMind\dataconnect: The system cannot find the file specified.
 {"metadata":{"emulator":{"name":"dataconnect"},"message":"E0428 16:25:31.211179    5612 watch.go:116] watchAllDir unable to walk dir `c:\\Users\\Shubham\\Desktop\\My Works\\ChainMind\\dataconnect`: GetFileAttributesEx c:\\Users\\Shubham\\Desktop\\My Works\\ChainMind\\dataconnect: The system cannot find the file specified.\n"}}
[debug] [2026-04-28T10:55:31.228Z] E0428 16:25:31.221232    5612 watch.go:40] Failed to load config from "c:\\Users\\Shubham\\Desktop\\My Works\\ChainMind\\dataconnect": could not find dataconnect.yaml in `c:\Users\Shubham\Desktop\My Works\ChainMind\dataconnect`
 {"metadata":{"emulator":{"name":"dataconnect"},"message":"E0428 16:25:31.221232    5612 watch.go:40] Failed to load config from \"c:\\\\Users\\\\Shubham\\\\Desktop\\\\My Works\\\\ChainMind\\\\dataconnect\": could not find dataconnect.yaml in `c:\\Users\\Shubham\\Desktop\\My Works\\ChainMind\\dataconnect`\n"}}
[debug] [2026-04-28T10:55:41.313Z] E0428 16:25:41.215078    5612 watch.go:40] Failed to load config from "c:\\Users\\Shubham\\Desktop\\My Works\\ChainMind\\dataconnect": could not find dataconnect.yaml in `c:\Users\Shubham\Desktop\My Works\ChainMind\dataconnect`
 {"metadata":{"emulator":{"name":"dataconnect"},"message":"E0428 16:25:41.215078    5612 watch.go:40] Failed to load config from \"c:\\\\Users\\\\Shubham\\\\Desktop\\\\My Works\\\\ChainMind\\\\dataconnect\": could not find dataconnect.yaml in `c:\\Users\\Shubham\\Desktop\\My Works\\ChainMind\\dataconnect`\n"}}
[debug] [2026-04-28T10:55:51.304Z] E0428 16:25:51.227898    5612 watch.go:40] Failed to load config from "c:\\Users\\Shubham\\Desktop\\My Works\\ChainMind\\dataconnect": could not find dataconnect.yaml in `c:\Users\Shubham\Desktop\My Works\ChainMind\dataconnect`
 {"metadata":{"emulator":{"name":"dataconnect"},"message":"E0428 16:25:51.227898    5612 watch.go:40] Failed to load config from \"c:\\\\Users\\\\Shubham\\\\Desktop\\\\My Works\\\\ChainMind\\\\dataconnect\": could not find dataconnect.yaml in `c:\\Users\\Shubham\\Desktop\\My Works\\ChainMind\\dataconnect`\n"}}
[debug] [2026-04-28T10:56:01.218Z] E0428 16:26:01.218074    5612 watch.go:40] Failed to load config from "c:\\Users\\Shubham\\Desktop\\My Works\\ChainMind\\dataconnect": could not find dataconnect.yaml in `c:\Users\Shubham\Desktop\My Works\ChainMind\dataconnect`
 {"metadata":{"emulator":{"name":"dataconnect"},"message":"E0428 16:26:01.218074    5612 watch.go:40] Failed to load config from \"c:\\\\Users\\\\Shubham\\\\Desktop\\\\My Works\\\\ChainMind\\\\dataconnect\": could not find dataconnect.yaml in `c:\\Users\\Shubham\\Desktop\\My Works\\ChainMind\\dataconnect`\n"}}
[debug] [2026-04-28T10:56:11.213Z] E0428 16:26:11.213323    5612 watch.go:40] Failed to load config from "c:\\Users\\Shubham\\Desktop\\My Works\\ChainMind\\dataconnect": could not find dataconnect.yaml in `c:\Users\Shubham\Desktop\My Works\ChainMind\dataconnect`
 {"metadata":{"emulator":{"name":"dataconnect"},"message":"E0428 16:26:11.213323    5612 watch.go:40] Failed to load config from \"c:\\\\Users\\\\Shubham\\\\Desktop\\\\My Works\\\\ChainMind\\\\dataconnect\": could not find dataconnect.yaml in `c:\\Users\\Shubham\\Desktop\\My Works\\ChainMind\\dataconnect`\n"}}
[debug] [2026-04-28T10:56:21.272Z] E0428 16:26:21.263454    5612 watch.go:40] Failed to load config from "c:\\Users\\Shubham\\Desktop\\My Works\\ChainMind\\dataconnect": could not find dataconnect.yaml in `c:\Users\Shubham\Desktop\My Works\ChainMind\dataconnect`
 {"metadata":{"emulator":{"name":"dataconnect"},"message":"E0428 16:26:21.263454    5612 watch.go:40] Failed to load config from \"c:\\\\Users\\\\Shubham\\\\Desktop\\\\My Works\\\\ChainMind\\\\dataconnect\": could not find dataconnect.yaml in `c:\\Users\\Shubham\\Desktop\\My Works\\ChainMind\\dataconnect`\n"}}
[debug] [2026-04-28T10:56:31.212Z] E0428 16:26:31.210147    5612 watch.go:116] watchAllDir unable to walk dir `c:\Users\Shubham\Desktop\My Works\ChainMind\dataconnect`: GetFileAttributesEx c:\Users\Shubham\Desktop\My Works\ChainMind\dataconnect: The system cannot find the file specified.
 {"metadata":{"emulator":{"name":"dataconnect"},"message":"E0428 16:26:31.210147    5612 watch.go:116] watchAllDir unable to walk dir `c:\\Users\\Shubham\\Desktop\\My Works\\ChainMind\\dataconnect`: GetFileAttributesEx c:\\Users\\Shubham\\Desktop\\My Works\\ChainMind\\dataconnect: The system cannot find the file specified.\n"}}
[debug] [2026-04-28T10:56:31.225Z] E0428 16:26:31.214781    5612 watch.go:40] Failed to load config from "c:\\Users\\Shubham\\Desktop\\My Works\\ChainMind\\dataconnect": could not find dataconnect.yaml in `c:\Users\Shubham\Desktop\My Works\ChainMind\dataconnect`
 {"metadata":{"emulator":{"name":"dataconnect"},"message":"E0428 16:26:31.214781    5612 watch.go:40] Failed to load config from \"c:\\\\Users\\\\Shubham\\\\Desktop\\\\My Works\\\\ChainMind\\\\dataconnect\": could not find dataconnect.yaml in `c:\\Users\\Shubham\\Desktop\\My Works\\ChainMind\\dataconnect`\n"}}
[debug] [2026-04-28T10:56:41.212Z] E0428 16:26:41.212155    5612 watch.go:40] Failed to load config from "c:\\Users\\Shubham\\Desktop\\My Works\\ChainMind\\dataconnect": could not find dataconnect.yaml in `c:\Users\Shubham\Desktop\My Works\ChainMind\dataconnect`
 {"metadata":{"emulator":{"name":"dataconnect"},"message":"E0428 16:26:41.212155    5612 watch.go:40] Failed to load config from \"c:\\\\Users\\\\Shubham\\\\Desktop\\\\My Works\\\\ChainMind\\\\dataconnect\": could not find dataconnect.yaml in `c:\\Users\\Shubham\\Desktop\\My Works\\ChainMind\\dataconnect`\n"}}
[debug] [2026-04-28T10:56:51.209Z] E0428 16:26:51.209353    5612 watch.go:40] Failed to load config from "c:\\Users\\Shubham\\Desktop\\My Works\\ChainMind\\dataconnect": could not find dataconnect.yaml in `c:\Users\Shubham\Desktop\My Works\ChainMind\dataconnect`
 {"metadata":{"emulator":{"name":"dataconnect"},"message":"E0428 16:26:51.209353    5612 watch.go:40] Failed to load config from \"c:\\\\Users\\\\Shubham\\\\Desktop\\\\My Works\\\\ChainMind\\\\dataconnect\": could not find dataconnect.yaml in `c:\\Users\\Shubham\\Desktop\\My Works\\ChainMind\\dataconnect`\n"}}
[debug] [2026-04-28T10:57:01.212Z] E0428 16:27:01.210802    5612 watch.go:40] Failed to load config from "c:\\Users\\Shubham\\Desktop\\My Works\\ChainMind\\dataconnect": could not find dataconnect.yaml in `c:\Users\Shubham\Desktop\My Works\ChainMind\dataconnect`
 {"metadata":{"emulator":{"name":"dataconnect"},"message":"E0428 16:27:01.210802    5612 watch.go:40] Failed to load config from \"c:\\\\Users\\\\Shubham\\\\Desktop\\\\My Works\\\\ChainMind\\\\dataconnect\": could not find dataconnect.yaml in `c:\\Users\\Shubham\\Desktop\\My Works\\ChainMind\\dataconnect`\n"}}
[debug] [2026-04-28T10:57:11.209Z] E0428 16:27:11.208306    5612 watch.go:40] Failed to load config from "c:\\Users\\Shubham\\Desktop\\My Works\\ChainMind\\dataconnect": could not find dataconnect.yaml in `c:\Users\Shubham\Desktop\My Works\ChainMind\dataconnect`
 {"metadata":{"emulator":{"name":"dataconnect"},"message":"E0428 16:27:11.208306    5612 watch.go:40] Failed to load config from \"c:\\\\Users\\\\Shubham\\\\Desktop\\\\My Works\\\\ChainMind\\\\dataconnect\": could not find dataconnect.yaml in `c:\\Users\\Shubham\\Desktop\\My Works\\ChainMind\\dataconnect`\n"}}
[debug] [2026-04-28T10:57:21.211Z] E0428 16:27:21.211046    5612 watch.go:40] Failed to load config from "c:\\Users\\Shubham\\Desktop\\My Works\\ChainMind\\dataconnect": could not find dataconnect.yaml in `c:\Users\Shubham\Desktop\My Works\ChainMind\dataconnect`
 {"metadata":{"emulator":{"name":"dataconnect"},"message":"E0428 16:27:21.211046    5612 watch.go:40] Failed to load config from \"c:\\\\Users\\\\Shubham\\\\Desktop\\\\My Works\\\\ChainMind\\\\dataconnect\": could not find dataconnect.yaml in `c:\\Users\\Shubham\\Desktop\\My Works\\ChainMind\\dataconnect`\n"}}
[debug] [2026-04-28T10:57:31.212Z] E0428 16:27:31.209391    5612 watch.go:116] watchAllDir unable to walk dir `c:\Users\Shubham\Desktop\My Works\ChainMind\dataconnect`: GetFileAttributesEx c:\Users\Shubham\Desktop\My Works\ChainMind\dataconnect: The system cannot find the file specified.
 {"metadata":{"emulator":{"name":"dataconnect"},"message":"E0428 16:27:31.209391    5612 watch.go:116] watchAllDir unable to walk dir `c:\\Users\\Shubham\\Desktop\\My Works\\ChainMind\\dataconnect`: GetFileAttributesEx c:\\Users\\Shubham\\Desktop\\My Works\\ChainMind\\dataconnect: The system cannot find the file specified.\n"}}
[debug] [2026-04-28T10:57:31.228Z] E0428 16:27:31.214237    5612 watch.go:40] Failed to load config from "c:\\Users\\Shubham\\Desktop\\My Works\\ChainMind\\dataconnect": could not find dataconnect.yaml in `c:\Users\Shubham\Desktop\My Works\ChainMind\dataconnect`
 {"metadata":{"emulator":{"name":"dataconnect"},"message":"E0428 16:27:31.214237    5612 watch.go:40] Failed to load config from \"c:\\\\Users\\\\Shubham\\\\Desktop\\\\My Works\\\\ChainMind\\\\dataconnect\": could not find dataconnect.yaml in `c:\\Users\\Shubham\\Desktop\\My Works\\ChainMind\\dataconnect`\n"}}
[debug] [2026-04-28T10:57:41.210Z] E0428 16:27:41.209561    5612 watch.go:40] Failed to load config from "c:\\Users\\Shubham\\Desktop\\My Works\\ChainMind\\dataconnect": could not find dataconnect.yaml in `c:\Users\Shubham\Desktop\My Works\ChainMind\dataconnect`
 {"metadata":{"emulator":{"name":"dataconnect"},"message":"E0428 16:27:41.209561    5612 watch.go:40] Failed to load config from \"c:\\\\Users\\\\Shubham\\\\Desktop\\\\My Works\\\\ChainMind\\\\dataconnect\": could not find dataconnect.yaml in `c:\\Users\\Shubham\\Desktop\\My Works\\ChainMind\\dataconnect`\n"}}
[debug] [2026-04-28T10:57:51.212Z] E0428 16:27:51.209286    5612 watch.go:40] Failed to load config from "c:\\Users\\Shubham\\Desktop\\My Works\\ChainMind\\dataconnect": could not find dataconnect.yaml in `c:\Users\Shubham\Desktop\My Works\ChainMind\dataconnect`
 {"metadata":{"emulator":{"name":"dataconnect"},"message":"E0428 16:27:51.209286    5612 watch.go:40] Failed to load config from \"c:\\\\Users\\\\Shubham\\\\Desktop\\\\My Works\\\\ChainMind\\\\dataconnect\": could not find dataconnect.yaml in `c:\\Users\\Shubham\\Desktop\\My Works\\ChainMind\\dataconnect`\n"}}
[debug] [2026-04-28T10:58:01.210Z] E0428 16:28:01.210002    5612 watch.go:40] Failed to load config from "c:\\Users\\Shubham\\Desktop\\My Works\\ChainMind\\dataconnect": could not find dataconnect.yaml in `c:\Users\Shubham\Desktop\My Works\ChainMind\dataconnect`
 {"metadata":{"emulator":{"name":"dataconnect"},"message":"E0428 16:28:01.210002    5612 watch.go:40] Failed to load config from \"c:\\\\Users\\\\Shubham\\\\Desktop\\\\My Works\\\\ChainMind\\\\dataconnect\": could not find dataconnect.yaml in `c:\\Users\\Shubham\\Desktop\\My Works\\ChainMind\\dataconnect`\n"}}
[debug] [2026-04-28T10:58:11.212Z] E0428 16:28:11.211023    5612 watch.go:40] Failed to load config from "c:\\Users\\Shubham\\Desktop\\My Works\\ChainMind\\dataconnect": could not find dataconnect.yaml in `c:\Users\Shubham\Desktop\My Works\ChainMind\dataconnect`
 {"metadata":{"emulator":{"name":"dataconnect"},"message":"E0428 16:28:11.211023    5612 watch.go:40] Failed to load config from \"c:\\\\Users\\\\Shubham\\\\Desktop\\\\My Works\\\\ChainMind\\\\dataconnect\": could not find dataconnect.yaml in `c:\\Users\\Shubham\\Desktop\\My Works\\ChainMind\\dataconnect`\n"}}
[debug] [2026-04-28T10:58:21.210Z] E0428 16:28:21.209295    5612 watch.go:40] Failed to load config from "c:\\Users\\Shubham\\Desktop\\My Works\\ChainMind\\dataconnect": could not find dataconnect.yaml in `c:\Users\Shubham\Desktop\My Works\ChainMind\dataconnect`
 {"metadata":{"emulator":{"name":"dataconnect"},"message":"E0428 16:28:21.209295    5612 watch.go:40] Failed to load config from \"c:\\\\Users\\\\Shubham\\\\Desktop\\\\My Works\\\\ChainMind\\\\dataconnect\": could not find dataconnect.yaml in `c:\\Users\\Shubham\\Desktop\\My Works\\ChainMind\\dataconnect`\n"}}
[debug] [2026-04-28T10:58:31.209Z] E0428 16:28:31.208788    5612 watch.go:40] Failed to load config from "c:\\Users\\Shubham\\Desktop\\My Works\\ChainMind\\dataconnect": could not find dataconnect.yaml in `c:\Users\Shubham\Desktop\My Works\ChainMind\dataconnect`
 {"metadata":{"emulator":{"name":"dataconnect"},"message":"E0428 16:28:31.208788    5612 watch.go:40] Failed to load config from \"c:\\\\Users\\\\Shubham\\\\Desktop\\\\My Works\\\\ChainMind\\\\dataconnect\": could not find dataconnect.yaml in `c:\\Users\\Shubham\\Desktop\\My Works\\ChainMind\\dataconnect`\n"}}
[debug] [2026-04-28T10:58:31.213Z] E0428 16:28:31.208788    5612 watch.go:116] watchAllDir unable to walk dir `c:\Users\Shubham\Desktop\My Works\ChainMind\dataconnect`: GetFileAttributesEx c:\Users\Shubham\Desktop\My Works\ChainMind\dataconnect: The system cannot find the file specified.
 {"metadata":{"emulator":{"name":"dataconnect"},"message":"E0428 16:28:31.208788    5612 watch.go:116] watchAllDir unable to walk dir `c:\\Users\\Shubham\\Desktop\\My Works\\ChainMind\\dataconnect`: GetFileAttributesEx c:\\Users\\Shubham\\Desktop\\My Works\\ChainMind\\dataconnect: The system cannot find the file specified.\n"}}
[debug] [2026-04-28T10:58:41.209Z] E0428 16:28:41.209059    5612 watch.go:40] Failed to load config from "c:\\Users\\Shubham\\Desktop\\My Works\\ChainMind\\dataconnect": could not find dataconnect.yaml in `c:\Users\Shubham\Desktop\My Works\ChainMind\dataconnect`
 {"metadata":{"emulator":{"name":"dataconnect"},"message":"E0428 16:28:41.209059    5612 watch.go:40] Failed to load config from \"c:\\\\Users\\\\Shubham\\\\Desktop\\\\My Works\\\\ChainMind\\\\dataconnect\": could not find dataconnect.yaml in `c:\\Users\\Shubham\\Desktop\\My Works\\ChainMind\\dataconnect`\n"}}
[debug] [2026-04-28T10:58:51.208Z] E0428 16:28:51.208106    5612 watch.go:40] Failed to load config from "c:\\Users\\Shubham\\Desktop\\My Works\\ChainMind\\dataconnect": could not find dataconnect.yaml in `c:\Users\Shubham\Desktop\My Works\ChainMind\dataconnect`
 {"metadata":{"emulator":{"name":"dataconnect"},"message":"E0428 16:28:51.208106    5612 watch.go:40] Failed to load config from \"c:\\\\Users\\\\Shubham\\\\Desktop\\\\My Works\\\\ChainMind\\\\dataconnect\": could not find dataconnect.yaml in `c:\\Users\\Shubham\\Desktop\\My Works\\ChainMind\\dataconnect`\n"}}
[debug] [2026-04-28T10:59:01.208Z] E0428 16:29:01.208641    5612 watch.go:40] Failed to load config from "c:\\Users\\Shubham\\Desktop\\My Works\\ChainMind\\dataconnect": could not find dataconnect.yaml in `c:\Users\Shubham\Desktop\My Works\ChainMind\dataconnect`
 {"metadata":{"emulator":{"name":"dataconnect"},"message":"E0428 16:29:01.208641    5612 watch.go:40] Failed to load config from \"c:\\\\Users\\\\Shubham\\\\Desktop\\\\My Works\\\\ChainMind\\\\dataconnect\": could not find dataconnect.yaml in `c:\\Users\\Shubham\\Desktop\\My Works\\ChainMind\\dataconnect`\n"}}
[debug] [2026-04-28T10:59:11.208Z] E0428 16:29:11.208826    5612 watch.go:40] Failed to load config from "c:\\Users\\Shubham\\Desktop\\My Works\\ChainMind\\dataconnect": could not find dataconnect.yaml in `c:\Users\Shubham\Desktop\My Works\ChainMind\dataconnect`
 {"metadata":{"emulator":{"name":"dataconnect"},"message":"E0428 16:29:11.208826    5612 watch.go:40] Failed to load config from \"c:\\\\Users\\\\Shubham\\\\Desktop\\\\My Works\\\\ChainMind\\\\dataconnect\": could not find dataconnect.yaml in `c:\\Users\\Shubham\\Desktop\\My Works\\ChainMind\\dataconnect`\n"}}
[debug] [2026-04-28T10:59:21.208Z] E0428 16:29:21.208019    5612 watch.go:40] Failed to load config from "c:\\Users\\Shubham\\Desktop\\My Works\\ChainMind\\dataconnect": could not find dataconnect.yaml in `c:\Users\Shubham\Desktop\My Works\ChainMind\dataconnect`
 {"metadata":{"emulator":{"name":"dataconnect"},"message":"E0428 16:29:21.208019    5612 watch.go:40] Failed to load config from \"c:\\\\Users\\\\Shubham\\\\Desktop\\\\My Works\\\\ChainMind\\\\dataconnect\": could not find dataconnect.yaml in `c:\\Users\\Shubham\\Desktop\\My Works\\ChainMind\\dataconnect`\n"}}
[debug] [2026-04-28T10:59:31.208Z] E0428 16:29:31.208204    5612 watch.go:116] watchAllDir unable to walk dir `c:\Users\Shubham\Desktop\My Works\ChainMind\dataconnect`: GetFileAttributesEx c:\Users\Shubham\Desktop\My Works\ChainMind\dataconnect: The system cannot find the file specified.
 {"metadata":{"emulator":{"name":"dataconnect"},"message":"E0428 16:29:31.208204    5612 watch.go:116] watchAllDir unable to walk dir `c:\\Users\\Shubham\\Desktop\\My Works\\ChainMind\\dataconnect`: GetFileAttributesEx c:\\Users\\Shubham\\Desktop\\My Works\\ChainMind\\dataconnect: The system cannot find the file specified.\n"}}
[debug] [2026-04-28T10:59:31.209Z] E0428 16:29:31.208790    5612 watch.go:40] Failed to load config from "c:\\Users\\Shubham\\Desktop\\My Works\\ChainMind\\dataconnect": could not find dataconnect.yaml in `c:\Users\Shubham\Desktop\My Works\ChainMind\dataconnect`
 {"metadata":{"emulator":{"name":"dataconnect"},"message":"E0428 16:29:31.208790    5612 watch.go:40] Failed to load config from \"c:\\\\Users\\\\Shubham\\\\Desktop\\\\My Works\\\\ChainMind\\\\dataconnect\": could not find dataconnect.yaml in `c:\\Users\\Shubham\\Desktop\\My Works\\ChainMind\\dataconnect`\n"}}
[debug] [2026-04-28T10:59:41.208Z] E0428 16:29:41.208358    5612 watch.go:40] Failed to load config from "c:\\Users\\Shubham\\Desktop\\My Works\\ChainMind\\dataconnect": could not find dataconnect.yaml in `c:\Users\Shubham\Desktop\My Works\ChainMind\dataconnect`
 {"metadata":{"emulator":{"name":"dataconnect"},"message":"E0428 16:29:41.208358    5612 watch.go:40] Failed to load config from \"c:\\\\Users\\\\Shubham\\\\Desktop\\\\My Works\\\\ChainMind\\\\dataconnect\": could not find dataconnect.yaml in `c:\\Users\\Shubham\\Desktop\\My Works\\ChainMind\\dataconnect`\n"}}
[debug] [2026-04-28T10:59:51.208Z] E0428 16:29:51.208303    5612 watch.go:40] Failed to load config from "c:\\Users\\Shubham\\Desktop\\My Works\\ChainMind\\dataconnect": could not find dataconnect.yaml in `c:\Users\Shubham\Desktop\My Works\ChainMind\dataconnect`
 {"metadata":{"emulator":{"name":"dataconnect"},"message":"E0428 16:29:51.208303    5612 watch.go:40] Failed to load config from \"c:\\\\Users\\\\Shubham\\\\Desktop\\\\My Works\\\\ChainMind\\\\dataconnect\": could not find dataconnect.yaml in `c:\\Users\\Shubham\\Desktop\\My Works\\ChainMind\\dataconnect`\n"}}
[debug] [2026-04-28T11:00:01.208Z] E0428 16:30:01.208083    5612 watch.go:40] Failed to load config from "c:\\Users\\Shubham\\Desktop\\My Works\\ChainMind\\dataconnect": could not find dataconnect.yaml in `c:\Users\Shubham\Desktop\My Works\ChainMind\dataconnect`
 {"metadata":{"emulator":{"name":"dataconnect"},"message":"E0428 16:30:01.208083    5612 watch.go:40] Failed to load config from \"c:\\\\Users\\\\Shubham\\\\Desktop\\\\My Works\\\\ChainMind\\\\dataconnect\": could not find dataconnect.yaml in `c:\\Users\\Shubham\\Desktop\\My Works\\ChainMind\\dataconnect`\n"}}
[debug] [2026-04-28T11:00:11.208Z] E0428 16:30:11.208825    5612 watch.go:40] Failed to load config from "c:\\Users\\Shubham\\Desktop\\My Works\\ChainMind\\dataconnect": could not find dataconnect.yaml in `c:\Users\Shubham\Desktop\My Works\ChainMind\dataconnect`
 {"metadata":{"emulator":{"name":"dataconnect"},"message":"E0428 16:30:11.208825    5612 watch.go:40] Failed to load config from \"c:\\\\Users\\\\Shubham\\\\Desktop\\\\My Works\\\\ChainMind\\\\dataconnect\": could not find dataconnect.yaml in `c:\\Users\\Shubham\\Desktop\\My Works\\ChainMind\\dataconnect`\n"}}
[debug] [2026-04-28T11:00:21.208Z] E0428 16:30:21.208946    5612 watch.go:40] Failed to load config from "c:\\Users\\Shubham\\Desktop\\My Works\\ChainMind\\dataconnect": could not find dataconnect.yaml in `c:\Users\Shubham\Desktop\My Works\ChainMind\dataconnect`
 {"metadata":{"emulator":{"name":"dataconnect"},"message":"E0428 16:30:21.208946    5612 watch.go:40] Failed to load config from \"c:\\\\Users\\\\Shubham\\\\Desktop\\\\My Works\\\\ChainMind\\\\dataconnect\": could not find dataconnect.yaml in `c:\\Users\\Shubham\\Desktop\\My Works\\ChainMind\\dataconnect`\n"}}
[debug] [2026-04-28T11:00:31.208Z] E0428 16:30:31.208442    5612 watch.go:116] watchAllDir unable to walk dir `c:\Users\Shubham\Desktop\My Works\ChainMind\dataconnect`: GetFileAttributesEx c:\Users\Shubham\Desktop\My Works\ChainMind\dataconnect: The system cannot find the file specified.
E0428 16:30:31.208442    5612 watch.go:40] Failed to load config from "c:\\Users\\Shubham\\Desktop\\My Works\\ChainMind\\dataconnect": could not find dataconnect.yaml in `c:\Users\Shubham\Desktop\My Works\ChainMind\dataconnect`
 {"metadata":{"emulator":{"name":"dataconnect"},"message":"E0428 16:30:31.208442    5612 watch.go:116] watchAllDir unable to walk dir `c:\\Users\\Shubham\\Desktop\\My Works\\ChainMind\\dataconnect`: GetFileAttributesEx c:\\Users\\Shubham\\Desktop\\My Works\\ChainMind\\dataconnect: The system cannot find the file specified.\nE0428 16:30:31.208442    5612 watch.go:40] Failed to load config from \"c:\\\\Users\\\\Shubham\\\\Desktop\\\\My Works\\\\ChainMind\\\\dataconnect\": could not find dataconnect.yaml in `c:\\Users\\Shubham\\Desktop\\My Works\\ChainMind\\dataconnect`\n"}}
[debug] [2026-04-28T11:00:41.207Z] E0428 16:30:41.207994    5612 watch.go:40] Failed to load config from "c:\\Users\\Shubham\\Desktop\\My Works\\ChainMind\\dataconnect": could not find dataconnect.yaml in `c:\Users\Shubham\Desktop\My Works\ChainMind\dataconnect`
 {"metadata":{"emulator":{"name":"dataconnect"},"message":"E0428 16:30:41.207994    5612 watch.go:40] Failed to load config from \"c:\\\\Users\\\\Shubham\\\\Desktop\\\\My Works\\\\ChainMind\\\\dataconnect\": could not find dataconnect.yaml in `c:\\Users\\Shubham\\Desktop\\My Works\\ChainMind\\dataconnect`\n"}}
[debug] [2026-04-28T11:00:51.208Z] E0428 16:30:51.208272    5612 watch.go:40] Failed to load config from "c:\\Users\\Shubham\\Desktop\\My Works\\ChainMind\\dataconnect": could not find dataconnect.yaml in `c:\Users\Shubham\Desktop\My Works\ChainMind\dataconnect`
 {"metadata":{"emulator":{"name":"dataconnect"},"message":"E0428 16:30:51.208272    5612 watch.go:40] Failed to load config from \"c:\\\\Users\\\\Shubham\\\\Desktop\\\\My Works\\\\ChainMind\\\\dataconnect\": could not find dataconnect.yaml in `c:\\Users\\Shubham\\Desktop\\My Works\\ChainMind\\dataconnect`\n"}}
[debug] [2026-04-28T11:01:01.207Z] E0428 16:31:01.207989    5612 watch.go:40] Failed to load config from "c:\\Users\\Shubham\\Desktop\\My Works\\ChainMind\\dataconnect": could not find dataconnect.yaml in `c:\Users\Shubham\Desktop\My Works\ChainMind\dataconnect`
 {"metadata":{"emulator":{"name":"dataconnect"},"message":"E0428 16:31:01.207989    5612 watch.go:40] Failed to load config from \"c:\\\\Users\\\\Shubham\\\\Desktop\\\\My Works\\\\ChainMind\\\\dataconnect\": could not find dataconnect.yaml in `c:\\Users\\Shubham\\Desktop\\My Works\\ChainMind\\dataconnect`\n"}}
[debug] [2026-04-28T11:01:11.209Z] E0428 16:31:11.209457    5612 watch.go:40] Failed to load config from "c:\\Users\\Shubham\\Desktop\\My Works\\ChainMind\\dataconnect": could not find dataconnect.yaml in `c:\Users\Shubham\Desktop\My Works\ChainMind\dataconnect`
 {"metadata":{"emulator":{"name":"dataconnect"},"message":"E0428 16:31:11.209457    5612 watch.go:40] Failed to load config from \"c:\\\\Users\\\\Shubham\\\\Desktop\\\\My Works\\\\ChainMind\\\\dataconnect\": could not find dataconnect.yaml in `c:\\Users\\Shubham\\Desktop\\My Works\\ChainMind\\dataconnect`\n"}}
[debug] [2026-04-28T11:01:21.209Z] E0428 16:31:21.209755    5612 watch.go:40] Failed to load config from "c:\\Users\\Shubham\\Desktop\\My Works\\ChainMind\\dataconnect": could not find dataconnect.yaml in `c:\Users\Shubham\Desktop\My Works\ChainMind\dataconnect`
 {"metadata":{"emulator":{"name":"dataconnect"},"message":"E0428 16:31:21.209755    5612 watch.go:40] Failed to load config from \"c:\\\\Users\\\\Shubham\\\\Desktop\\\\My Works\\\\ChainMind\\\\dataconnect\": could not find dataconnect.yaml in `c:\\Users\\Shubham\\Desktop\\My Works\\ChainMind\\dataconnect`\n"}}
[debug] [2026-04-28T11:01:31.208Z] E0428 16:31:31.208266    5612 watch.go:116] watchAllDir unable to walk dir `c:\Users\Shubham\Desktop\My Works\ChainMind\dataconnect`: GetFileAttributesEx c:\Users\Shubham\Desktop\My Works\ChainMind\dataconnect: The system cannot find the file specified.
E0428 16:31:31.208828    5612 watch.go:40] Failed to load config from "c:\\Users\\Shubham\\Desktop\\My Works\\ChainMind\\dataconnect": could not find dataconnect.yaml in `c:\Users\Shubham\Desktop\My Works\ChainMind\dataconnect`
 {"metadata":{"emulator":{"name":"dataconnect"},"message":"E0428 16:31:31.208266    5612 watch.go:116] watchAllDir unable to walk dir `c:\\Users\\Shubham\\Desktop\\My Works\\ChainMind\\dataconnect`: GetFileAttributesEx c:\\Users\\Shubham\\Desktop\\My Works\\ChainMind\\dataconnect: The system cannot find the file specified.\nE0428 16:31:31.208828    5612 watch.go:40] Failed to load config from \"c:\\\\Users\\\\Shubham\\\\Desktop\\\\My Works\\\\ChainMind\\\\dataconnect\": could not find dataconnect.yaml in `c:\\Users\\Shubham\\Desktop\\My Works\\ChainMind\\dataconnect`\n"}}
[debug] [2026-04-28T11:01:41.208Z] E0428 16:31:41.208305    5612 watch.go:40] Failed to load config from "c:\\Users\\Shubham\\Desktop\\My Works\\ChainMind\\dataconnect": could not find dataconnect.yaml in `c:\Users\Shubham\Desktop\My Works\ChainMind\dataconnect`
 {"metadata":{"emulator":{"name":"dataconnect"},"message":"E0428 16:31:41.208305    5612 watch.go:40] Failed to load config from \"c:\\\\Users\\\\Shubham\\\\Desktop\\\\My Works\\\\ChainMind\\\\dataconnect\": could not find dataconnect.yaml in `c:\\Users\\Shubham\\Desktop\\My Works\\ChainMind\\dataconnect`\n"}}
[debug] [2026-04-28T11:01:51.208Z] E0428 16:31:51.208262    5612 watch.go:40] Failed to load config from "c:\\Users\\Shubham\\Desktop\\My Works\\ChainMind\\dataconnect": could not find dataconnect.yaml in `c:\Users\Shubham\Desktop\My Works\ChainMind\dataconnect`
 {"metadata":{"emulator":{"name":"dataconnect"},"message":"E0428 16:31:51.208262    5612 watch.go:40] Failed to load config from \"c:\\\\Users\\\\Shubham\\\\Desktop\\\\My Works\\\\ChainMind\\\\dataconnect\": could not find dataconnect.yaml in `c:\\Users\\Shubham\\Desktop\\My Works\\ChainMind\\dataconnect`\n"}}
[debug] [2026-04-28T11:02:01.218Z] E0428 16:32:01.217907    5612 watch.go:40] Failed to load config from "c:\\Users\\Shubham\\Desktop\\My Works\\ChainMind\\dataconnect": could not find dataconnect.yaml in `c:\Users\Shubham\Desktop\My Works\ChainMind\dataconnect`
 {"metadata":{"emulator":{"name":"dataconnect"},"message":"E0428 16:32:01.217907    5612 watch.go:40] Failed to load config from \"c:\\\\Users\\\\Shubham\\\\Desktop\\\\My Works\\\\ChainMind\\\\dataconnect\": could not find dataconnect.yaml in `c:\\Users\\Shubham\\Desktop\\My Works\\ChainMind\\dataconnect`\n"}}
[debug] [2026-04-28T11:02:11.208Z] E0428 16:32:11.208191    5612 watch.go:40] Failed to load config from "c:\\Users\\Shubham\\Desktop\\My Works\\ChainMind\\dataconnect": could not find dataconnect.yaml in `c:\Users\Shubham\Desktop\My Works\ChainMind\dataconnect`
 {"metadata":{"emulator":{"name":"dataconnect"},"message":"E0428 16:32:11.208191    5612 watch.go:40] Failed to load config from \"c:\\\\Users\\\\Shubham\\\\Desktop\\\\My Works\\\\ChainMind\\\\dataconnect\": could not find dataconnect.yaml in `c:\\Users\\Shubham\\Desktop\\My Works\\ChainMind\\dataconnect`\n"}}
[debug] [2026-04-28T11:02:21.208Z] E0428 16:32:21.208274    5612 watch.go:40] Failed to load config from "c:\\Users\\Shubham\\Desktop\\My Works\\ChainMind\\dataconnect": could not find dataconnect.yaml in `c:\Users\Shubham\Desktop\My Works\ChainMind\dataconnect`
 {"metadata":{"emulator":{"name":"dataconnect"},"message":"E0428 16:32:21.208274    5612 watch.go:40] Failed to load config from \"c:\\\\Users\\\\Shubham\\\\Desktop\\\\My Works\\\\ChainMind\\\\dataconnect\": could not find dataconnect.yaml in `c:\\Users\\Shubham\\Desktop\\My Works\\ChainMind\\dataconnect`\n"}}
[debug] [2026-04-28T11:02:31.207Z] E0428 16:32:31.207676    5612 watch.go:116] watchAllDir unable to walk dir `c:\Users\Shubham\Desktop\My Works\ChainMind\dataconnect`: GetFileAttributesEx c:\Users\Shubham\Desktop\My Works\ChainMind\dataconnect: The system cannot find the file specified.
 {"metadata":{"emulator":{"name":"dataconnect"},"message":"E0428 16:32:31.207676    5612 watch.go:116] watchAllDir unable to walk dir `c:\\Users\\Shubham\\Desktop\\My Works\\ChainMind\\dataconnect`: GetFileAttributesEx c:\\Users\\Shubham\\Desktop\\My Works\\ChainMind\\dataconnect: The system cannot find the file specified.\n"}}
[debug] [2026-04-28T11:02:31.208Z] E0428 16:32:31.207676    5612 watch.go:40] Failed to load config from "c:\\Users\\Shubham\\Desktop\\My Works\\ChainMind\\dataconnect": could not find dataconnect.yaml in `c:\Users\Shubham\Desktop\My Works\ChainMind\dataconnect`
 {"metadata":{"emulator":{"name":"dataconnect"},"message":"E0428 16:32:31.207676    5612 watch.go:40] Failed to load config from \"c:\\\\Users\\\\Shubham\\\\Desktop\\\\My Works\\\\ChainMind\\\\dataconnect\": could not find dataconnect.yaml in `c:\\Users\\Shubham\\Desktop\\My Works\\ChainMind\\dataconnect`\n"}}
[debug] [2026-04-28T11:02:41.207Z] E0428 16:32:41.207770    5612 watch.go:40] Failed to load config from "c:\\Users\\Shubham\\Desktop\\My Works\\ChainMind\\dataconnect": could not find dataconnect.yaml in `c:\Users\Shubham\Desktop\My Works\ChainMind\dataconnect`
 {"metadata":{"emulator":{"name":"dataconnect"},"message":"E0428 16:32:41.207770    5612 watch.go:40] Failed to load config from \"c:\\\\Users\\\\Shubham\\\\Desktop\\\\My Works\\\\ChainMind\\\\dataconnect\": could not find dataconnect.yaml in `c:\\Users\\Shubham\\Desktop\\My Works\\ChainMind\\dataconnect`\n"}}
[debug] [2026-04-28T11:02:51.208Z] E0428 16:32:51.208959    5612 watch.go:40] Failed to load config from "c:\\Users\\Shubham\\Desktop\\My Works\\ChainMind\\dataconnect": could not find dataconnect.yaml in `c:\Users\Shubham\Desktop\My Works\ChainMind\dataconnect`
 {"metadata":{"emulator":{"name":"dataconnect"},"message":"E0428 16:32:51.208959    5612 watch.go:40] Failed to load config from \"c:\\\\Users\\\\Shubham\\\\Desktop\\\\My Works\\\\ChainMind\\\\dataconnect\": could not find dataconnect.yaml in `c:\\Users\\Shubham\\Desktop\\My Works\\ChainMind\\dataconnect`\n"}}
[debug] [2026-04-28T11:03:01.306Z] E0428 16:33:01.213955    5612 watch.go:40] Failed to load config from "c:\\Users\\Shubham\\Desktop\\My Works\\ChainMind\\dataconnect": could not find dataconnect.yaml in `c:\Users\Shubham\Desktop\My Works\ChainMind\dataconnect`
 {"metadata":{"emulator":{"name":"dataconnect"},"message":"E0428 16:33:01.213955    5612 watch.go:40] Failed to load config from \"c:\\\\Users\\\\Shubham\\\\Desktop\\\\My Works\\\\ChainMind\\\\dataconnect\": could not find dataconnect.yaml in `c:\\Users\\Shubham\\Desktop\\My Works\\ChainMind\\dataconnect`\n"}}
[debug] [2026-04-28T11:03:11.208Z] E0428 16:33:11.208684    5612 watch.go:40] Failed to load config from "c:\\Users\\Shubham\\Desktop\\My Works\\ChainMind\\dataconnect": could not find dataconnect.yaml in `c:\Users\Shubham\Desktop\My Works\ChainMind\dataconnect`
 {"metadata":{"emulator":{"name":"dataconnect"},"message":"E0428 16:33:11.208684    5612 watch.go:40] Failed to load config from \"c:\\\\Users\\\\Shubham\\\\Desktop\\\\My Works\\\\ChainMind\\\\dataconnect\": could not find dataconnect.yaml in `c:\\Users\\Shubham\\Desktop\\My Works\\ChainMind\\dataconnect`\n"}}
[debug] [2026-04-28T11:03:21.208Z] E0428 16:33:21.208419    5612 watch.go:40] Failed to load config from "c:\\Users\\Shubham\\Desktop\\My Works\\ChainMind\\dataconnect": could not find dataconnect.yaml in `c:\Users\Shubham\Desktop\My Works\ChainMind\dataconnect`
 {"metadata":{"emulator":{"name":"dataconnect"},"message":"E0428 16:33:21.208419    5612 watch.go:40] Failed to load config from \"c:\\\\Users\\\\Shubham\\\\Desktop\\\\My Works\\\\ChainMind\\\\dataconnect\": could not find dataconnect.yaml in `c:\\Users\\Shubham\\Desktop\\My Works\\ChainMind\\dataconnect`\n"}}
[debug] [2026-04-28T11:03:31.208Z] E0428 16:33:31.208529    5612 watch.go:116] watchAllDir unable to walk dir `c:\Users\Shubham\Desktop\My Works\ChainMind\dataconnect`: GetFileAttributesEx c:\Users\Shubham\Desktop\My Works\ChainMind\dataconnect: The system cannot find the file specified.
 {"metadata":{"emulator":{"name":"dataconnect"},"message":"E0428 16:33:31.208529    5612 watch.go:116] watchAllDir unable to walk dir `c:\\Users\\Shubham\\Desktop\\My Works\\ChainMind\\dataconnect`: GetFileAttributesEx c:\\Users\\Shubham\\Desktop\\My Works\\ChainMind\\dataconnect: The system cannot find the file specified.\n"}}
[debug] [2026-04-28T11:03:31.209Z] E0428 16:33:31.208529    5612 watch.go:40] Failed to load config from "c:\\Users\\Shubham\\Desktop\\My Works\\ChainMind\\dataconnect": could not find dataconnect.yaml in `c:\Users\Shubham\Desktop\My Works\ChainMind\dataconnect`
 {"metadata":{"emulator":{"name":"dataconnect"},"message":"E0428 16:33:31.208529    5612 watch.go:40] Failed to load config from \"c:\\\\Users\\\\Shubham\\\\Desktop\\\\My Works\\\\ChainMind\\\\dataconnect\": could not find dataconnect.yaml in `c:\\Users\\Shubham\\Desktop\\My Works\\ChainMind\\dataconnect`\n"}}
[debug] [2026-04-28T11:03:41.208Z] E0428 16:33:41.207909    5612 watch.go:40] Failed to load config from "c:\\Users\\Shubham\\Desktop\\My Works\\ChainMind\\dataconnect": could not find dataconnect.yaml in `c:\Users\Shubham\Desktop\My Works\ChainMind\dataconnect`
 {"metadata":{"emulator":{"name":"dataconnect"},"message":"E0428 16:33:41.207909    5612 watch.go:40] Failed to load config from \"c:\\\\Users\\\\Shubham\\\\Desktop\\\\My Works\\\\ChainMind\\\\dataconnect\": could not find dataconnect.yaml in `c:\\Users\\Shubham\\Desktop\\My Works\\ChainMind\\dataconnect`\n"}}
[debug] [2026-04-28T11:03:51.208Z] E0428 16:33:51.208131    5612 watch.go:40] Failed to load config from "c:\\Users\\Shubham\\Desktop\\My Works\\ChainMind\\dataconnect": could not find dataconnect.yaml in `c:\Users\Shubham\Desktop\My Works\ChainMind\dataconnect`
 {"metadata":{"emulator":{"name":"dataconnect"},"message":"E0428 16:33:51.208131    5612 watch.go:40] Failed to load config from \"c:\\\\Users\\\\Shubham\\\\Desktop\\\\My Works\\\\ChainMind\\\\dataconnect\": could not find dataconnect.yaml in `c:\\Users\\Shubham\\Desktop\\My Works\\ChainMind\\dataconnect`\n"}}
[debug] [2026-04-28T11:04:01.209Z] E0428 16:34:01.208868    5612 watch.go:40] Failed to load config from "c:\\Users\\Shubham\\Desktop\\My Works\\ChainMind\\dataconnect": could not find dataconnect.yaml in `c:\Users\Shubham\Desktop\My Works\ChainMind\dataconnect`
 {"metadata":{"emulator":{"name":"dataconnect"},"message":"E0428 16:34:01.208868    5612 watch.go:40] Failed to load config from \"c:\\\\Users\\\\Shubham\\\\Desktop\\\\My Works\\\\ChainMind\\\\dataconnect\": could not find dataconnect.yaml in `c:\\Users\\Shubham\\Desktop\\My Works\\ChainMind\\dataconnect`\n"}}
[debug] [2026-04-28T11:04:11.210Z] E0428 16:34:11.210037    5612 watch.go:40] Failed to load config from "c:\\Users\\Shubham\\Desktop\\My Works\\ChainMind\\dataconnect": could not find dataconnect.yaml in `c:\Users\Shubham\Desktop\My Works\ChainMind\dataconnect`
 {"metadata":{"emulator":{"name":"dataconnect"},"message":"E0428 16:34:11.210037    5612 watch.go:40] Failed to load config from \"c:\\\\Users\\\\Shubham\\\\Desktop\\\\My Works\\\\ChainMind\\\\dataconnect\": could not find dataconnect.yaml in `c:\\Users\\Shubham\\Desktop\\My Works\\ChainMind\\dataconnect`\n"}}
[debug] [2026-04-28T11:04:21.208Z] E0428 16:34:21.208208    5612 watch.go:40] Failed to load config from "c:\\Users\\Shubham\\Desktop\\My Works\\ChainMind\\dataconnect": could not find dataconnect.yaml in `c:\Users\Shubham\Desktop\My Works\ChainMind\dataconnect`
 {"metadata":{"emulator":{"name":"dataconnect"},"message":"E0428 16:34:21.208208    5612 watch.go:40] Failed to load config from \"c:\\\\Users\\\\Shubham\\\\Desktop\\\\My Works\\\\ChainMind\\\\dataconnect\": could not find dataconnect.yaml in `c:\\Users\\Shubham\\Desktop\\My Works\\ChainMind\\dataconnect`\n"}}
[debug] [2026-04-28T11:04:31.208Z] E0428 16:34:31.208312    5612 watch.go:116] watchAllDir unable to walk dir `c:\Users\Shubham\Desktop\My Works\ChainMind\dataconnect`: GetFileAttributesEx c:\Users\Shubham\Desktop\My Works\ChainMind\dataconnect: The system cannot find the file specified.
 {"metadata":{"emulator":{"name":"dataconnect"},"message":"E0428 16:34:31.208312    5612 watch.go:116] watchAllDir unable to walk dir `c:\\Users\\Shubham\\Desktop\\My Works\\ChainMind\\dataconnect`: GetFileAttributesEx c:\\Users\\Shubham\\Desktop\\My Works\\ChainMind\\dataconnect: The system cannot find the file specified.\n"}}
[debug] [2026-04-28T11:04:31.210Z] E0428 16:34:31.209974    5612 watch.go:40] Failed to load config from "c:\\Users\\Shubham\\Desktop\\My Works\\ChainMind\\dataconnect": could not find dataconnect.yaml in `c:\Users\Shubham\Desktop\My Works\ChainMind\dataconnect`
 {"metadata":{"emulator":{"name":"dataconnect"},"message":"E0428 16:34:31.209974    5612 watch.go:40] Failed to load config from \"c:\\\\Users\\\\Shubham\\\\Desktop\\\\My Works\\\\ChainMind\\\\dataconnect\": could not find dataconnect.yaml in `c:\\Users\\Shubham\\Desktop\\My Works\\ChainMind\\dataconnect`\n"}}
[debug] [2026-04-28T11:04:41.209Z] E0428 16:34:41.208784    5612 watch.go:40] Failed to load config from "c:\\Users\\Shubham\\Desktop\\My Works\\ChainMind\\dataconnect": could not find dataconnect.yaml in `c:\Users\Shubham\Desktop\My Works\ChainMind\dataconnect`
 {"metadata":{"emulator":{"name":"dataconnect"},"message":"E0428 16:34:41.208784    5612 watch.go:40] Failed to load config from \"c:\\\\Users\\\\Shubham\\\\Desktop\\\\My Works\\\\ChainMind\\\\dataconnect\": could not find dataconnect.yaml in `c:\\Users\\Shubham\\Desktop\\My Works\\ChainMind\\dataconnect`\n"}}
[debug] [2026-04-28T11:04:51.208Z] E0428 16:34:51.208284    5612 watch.go:40] Failed to load config from "c:\\Users\\Shubham\\Desktop\\My Works\\ChainMind\\dataconnect": could not find dataconnect.yaml in `c:\Users\Shubham\Desktop\My Works\ChainMind\dataconnect`
 {"metadata":{"emulator":{"name":"dataconnect"},"message":"E0428 16:34:51.208284    5612 watch.go:40] Failed to load config from \"c:\\\\Users\\\\Shubham\\\\Desktop\\\\My Works\\\\ChainMind\\\\dataconnect\": could not find dataconnect.yaml in `c:\\Users\\Shubham\\Desktop\\My Works\\ChainMind\\dataconnect`\n"}}
[debug] [2026-04-28T11:05:01.208Z] E0428 16:35:01.208198    5612 watch.go:40] Failed to load config from "c:\\Users\\Shubham\\Desktop\\My Works\\ChainMind\\dataconnect": could not find dataconnect.yaml in `c:\Users\Shubham\Desktop\My Works\ChainMind\dataconnect`
 {"metadata":{"emulator":{"name":"dataconnect"},"message":"E0428 16:35:01.208198    5612 watch.go:40] Failed to load config from \"c:\\\\Users\\\\Shubham\\\\Desktop\\\\My Works\\\\ChainMind\\\\dataconnect\": could not find dataconnect.yaml in `c:\\Users\\Shubham\\Desktop\\My Works\\ChainMind\\dataconnect`\n"}}
[debug] [2026-04-28T11:05:11.208Z] E0428 16:35:11.208359    5612 watch.go:40] Failed to load config from "c:\\Users\\Shubham\\Desktop\\My Works\\ChainMind\\dataconnect": could not find dataconnect.yaml in `c:\Users\Shubham\Desktop\My Works\ChainMind\dataconnect`
 {"metadata":{"emulator":{"name":"dataconnect"},"message":"E0428 16:35:11.208359    5612 watch.go:40] Failed to load config from \"c:\\\\Users\\\\Shubham\\\\Desktop\\\\My Works\\\\ChainMind\\\\dataconnect\": could not find dataconnect.yaml in `c:\\Users\\Shubham\\Desktop\\My Works\\ChainMind\\dataconnect`\n"}}
[debug] [2026-04-28T11:05:21.208Z] E0428 16:35:21.207854    5612 watch.go:40] Failed to load config from "c:\\Users\\Shubham\\Desktop\\My Works\\ChainMind\\dataconnect": could not find dataconnect.yaml in `c:\Users\Shubham\Desktop\My Works\ChainMind\dataconnect`
 {"metadata":{"emulator":{"name":"dataconnect"},"message":"E0428 16:35:21.207854    5612 watch.go:40] Failed to load config from \"c:\\\\Users\\\\Shubham\\\\Desktop\\\\My Works\\\\ChainMind\\\\dataconnect\": could not find dataconnect.yaml in `c:\\Users\\Shubham\\Desktop\\My Works\\ChainMind\\dataconnect`\n"}}
[debug] [2026-04-28T11:05:31.208Z] E0428 16:35:31.208088    5612 watch.go:116] watchAllDir unable to walk dir `c:\Users\Shubham\Desktop\My Works\ChainMind\dataconnect`: GetFileAttributesEx c:\Users\Shubham\Desktop\My Works\ChainMind\dataconnect: The system cannot find the file specified.
E0428 16:35:31.208088    5612 watch.go:40] Failed to load config from "c:\\Users\\Shubham\\Desktop\\My Works\\ChainMind\\dataconnect": could not find dataconnect.yaml in `c:\Users\Shubham\Desktop\My Works\ChainMind\dataconnect`
 {"metadata":{"emulator":{"name":"dataconnect"},"message":"E0428 16:35:31.208088    5612 watch.go:116] watchAllDir unable to walk dir `c:\\Users\\Shubham\\Desktop\\My Works\\ChainMind\\dataconnect`: GetFileAttributesEx c:\\Users\\Shubham\\Desktop\\My Works\\ChainMind\\dataconnect: The system cannot find the file specified.\nE0428 16:35:31.208088    5612 watch.go:40] Failed to load config from \"c:\\\\Users\\\\Shubham\\\\Desktop\\\\My Works\\\\ChainMind\\\\dataconnect\": could not find dataconnect.yaml in `c:\\Users\\Shubham\\Desktop\\My Works\\ChainMind\\dataconnect`\n"}}
[debug] [2026-04-28T11:05:41.209Z] E0428 16:35:41.209044    5612 watch.go:40] Failed to load config from "c:\\Users\\Shubham\\Desktop\\My Works\\ChainMind\\dataconnect": could not find dataconnect.yaml in `c:\Users\Shubham\Desktop\My Works\ChainMind\dataconnect`
 {"metadata":{"emulator":{"name":"dataconnect"},"message":"E0428 16:35:41.209044    5612 watch.go:40] Failed to load config from \"c:\\\\Users\\\\Shubham\\\\Desktop\\\\My Works\\\\ChainMind\\\\dataconnect\": could not find dataconnect.yaml in `c:\\Users\\Shubham\\Desktop\\My Works\\ChainMind\\dataconnect`\n"}}
[debug] [2026-04-28T11:05:51.212Z] E0428 16:35:51.212208    5612 watch.go:40] Failed to load config from "c:\\Users\\Shubham\\Desktop\\My Works\\ChainMind\\dataconnect": could not find dataconnect.yaml in `c:\Users\Shubham\Desktop\My Works\ChainMind\dataconnect`
 {"metadata":{"emulator":{"name":"dataconnect"},"message":"E0428 16:35:51.212208    5612 watch.go:40] Failed to load config from \"c:\\\\Users\\\\Shubham\\\\Desktop\\\\My Works\\\\ChainMind\\\\dataconnect\": could not find dataconnect.yaml in `c:\\Users\\Shubham\\Desktop\\My Works\\ChainMind\\dataconnect`\n"}}
[debug] [2026-04-28T11:06:01.208Z] E0428 16:36:01.208030    5612 watch.go:40] Failed to load config from "c:\\Users\\Shubham\\Desktop\\My Works\\ChainMind\\dataconnect": could not find dataconnect.yaml in `c:\Users\Shubham\Desktop\My Works\ChainMind\dataconnect`
 {"metadata":{"emulator":{"name":"dataconnect"},"message":"E0428 16:36:01.208030    5612 watch.go:40] Failed to load config from \"c:\\\\Users\\\\Shubham\\\\Desktop\\\\My Works\\\\ChainMind\\\\dataconnect\": could not find dataconnect.yaml in `c:\\Users\\Shubham\\Desktop\\My Works\\ChainMind\\dataconnect`\n"}}
[debug] [2026-04-28T11:06:11.208Z] E0428 16:36:11.208090    5612 watch.go:40] Failed to load config from "c:\\Users\\Shubham\\Desktop\\My Works\\ChainMind\\dataconnect": could not find dataconnect.yaml in `c:\Users\Shubham\Desktop\My Works\ChainMind\dataconnect`
 {"metadata":{"emulator":{"name":"dataconnect"},"message":"E0428 16:36:11.208090    5612 watch.go:40] Failed to load config from \"c:\\\\Users\\\\Shubham\\\\Desktop\\\\My Works\\\\ChainMind\\\\dataconnect\": could not find dataconnect.yaml in `c:\\Users\\Shubham\\Desktop\\My Works\\ChainMind\\dataconnect`\n"}}
[debug] [2026-04-28T11:06:21.208Z] E0428 16:36:21.208589    5612 watch.go:40] Failed to load config from "c:\\Users\\Shubham\\Desktop\\My Works\\ChainMind\\dataconnect": could not find dataconnect.yaml in `c:\Users\Shubham\Desktop\My Works\ChainMind\dataconnect`
 {"metadata":{"emulator":{"name":"dataconnect"},"message":"E0428 16:36:21.208589    5612 watch.go:40] Failed to load config from \"c:\\\\Users\\\\Shubham\\\\Desktop\\\\My Works\\\\ChainMind\\\\dataconnect\": could not find dataconnect.yaml in `c:\\Users\\Shubham\\Desktop\\My Works\\ChainMind\\dataconnect`\n"}}
[debug] [2026-04-28T11:06:31.209Z] E0428 16:36:31.209148    5612 watch.go:116] watchAllDir unable to walk dir `c:\Users\Shubham\Desktop\My Works\ChainMind\dataconnect`: GetFileAttributesEx c:\Users\Shubham\Desktop\My Works\ChainMind\dataconnect: The system cannot find the file specified.
E0428 16:36:31.209148    5612 watch.go:40] Failed to load config from "c:\\Users\\Shubham\\Desktop\\My Works\\ChainMind\\dataconnect": could not find dataconnect.yaml in `c:\Users\Shubham\Desktop\My Works\ChainMind\dataconnect`
 {"metadata":{"emulator":{"name":"dataconnect"},"message":"E0428 16:36:31.209148    5612 watch.go:116] watchAllDir unable to walk dir `c:\\Users\\Shubham\\Desktop\\My Works\\ChainMind\\dataconnect`: GetFileAttributesEx c:\\Users\\Shubham\\Desktop\\My Works\\ChainMind\\dataconnect: The system cannot find the file specified.\nE0428 16:36:31.209148    5612 watch.go:40] Failed to load config from \"c:\\\\Users\\\\Shubham\\\\Desktop\\\\My Works\\\\ChainMind\\\\dataconnect\": could not find dataconnect.yaml in `c:\\Users\\Shubham\\Desktop\\My Works\\ChainMind\\dataconnect`\n"}}
[debug] [2026-04-28T11:06:41.208Z] E0428 16:36:41.208006    5612 watch.go:40] Failed to load config from "c:\\Users\\Shubham\\Desktop\\My Works\\ChainMind\\dataconnect": could not find dataconnect.yaml in `c:\Users\Shubham\Desktop\My Works\ChainMind\dataconnect`
 {"metadata":{"emulator":{"name":"dataconnect"},"message":"E0428 16:36:41.208006    5612 watch.go:40] Failed to load config from \"c:\\\\Users\\\\Shubham\\\\Desktop\\\\My Works\\\\ChainMind\\\\dataconnect\": could not find dataconnect.yaml in `c:\\Users\\Shubham\\Desktop\\My Works\\ChainMind\\dataconnect`\n"}}
[debug] [2026-04-28T11:06:51.208Z] E0428 16:36:51.208877    5612 watch.go:40] Failed to load config from "c:\\Users\\Shubham\\Desktop\\My Works\\ChainMind\\dataconnect": could not find dataconnect.yaml in `c:\Users\Shubham\Desktop\My Works\ChainMind\dataconnect`
 {"metadata":{"emulator":{"name":"dataconnect"},"message":"E0428 16:36:51.208877    5612 watch.go:40] Failed to load config from \"c:\\\\Users\\\\Shubham\\\\Desktop\\\\My Works\\\\ChainMind\\\\dataconnect\": could not find dataconnect.yaml in `c:\\Users\\Shubham\\Desktop\\My Works\\ChainMind\\dataconnect`\n"}}
[debug] [2026-04-28T11:07:01.208Z] E0428 16:37:01.208240    5612 watch.go:40] Failed to load config from "c:\\Users\\Shubham\\Desktop\\My Works\\ChainMind\\dataconnect": could not find dataconnect.yaml in `c:\Users\Shubham\Desktop\My Works\ChainMind\dataconnect`
 {"metadata":{"emulator":{"name":"dataconnect"},"message":"E0428 16:37:01.208240    5612 watch.go:40] Failed to load config from \"c:\\\\Users\\\\Shubham\\\\Desktop\\\\My Works\\\\ChainMind\\\\dataconnect\": could not find dataconnect.yaml in `c:\\Users\\Shubham\\Desktop\\My Works\\ChainMind\\dataconnect`\n"}}
=======
>>>>>>> 83a9795fba7a3944e5f7026f5cf0bd3d48ba6dd3
